<?xml version="1.0" encoding="UTF-8"?>
<!-- Generated by org.testng.reporters.JUnitXMLReporter -->
<testsuite ignored="0" hostname="LAPTOP-R04GMV33" failures="0" tests="1" name="Test1_chrome" time="0.087" errors="0" timestamp="2022-08-05T14:02:00 IST">
  <testcase classname="Module1_Login_Test.KiteLoginCompatibility" name="@BeforeClass openBrowser" time="-1.659688320521E9">
    <failure type="org.testng.TestNGException" message="
Parameter &amp;apos;browserName&amp;apos; is required by BeforeClass on method openBrowser but has not been marked @Optional or defined
in C:\Users\Jarvis\eclipse-workspace\Maven11\KiteLoginCompatibility.xml">
      <![CDATA[org.testng.TestNGException: 
Parameter 'browserName' is required by BeforeClass on method openBrowser but has not been marked @Optional or defined
in C:\Users\Jarvis\eclipse-workspace\Maven11\KiteLoginCompatibility.xml
at java.base/java.util.ArrayList.forEach(ArrayList.java:1541)
at java.base/java.util.concurrent.FutureTask.run(FutureTask.java:264)
at java.base/java.util.concurrent.ThreadPoolExecutor.runWorker(ThreadPoolExecutor.java:1128)
at java.base/java.util.concurrent.ThreadPoolExecutor$Worker.run(ThreadPoolExecutor.java:628)
at java.base/java.lang.Thread.run(Thread.java:834)
... Removed 13 stack frames]]>
    </failure>
  </testcase> <!-- @BeforeClass openBrowser -->
  <testcase classname="Module1_Login_Test.KiteLoginCompatibility" name="@BeforeClass openBrowser" time="-1.659688320521E9">
    <failure type="org.testng.TestNGException" message="
Parameter &amp;apos;browserName&amp;apos; is required by BeforeClass on method openBrowser but has not been marked @Optional or defined
in C:\Users\Jarvis\eclipse-workspace\Maven11\KiteLoginCompatibility.xml">
      <![CDATA[org.testng.TestNGException: 
Parameter 'browserName' is required by BeforeClass on method openBrowser but has not been marked @Optional or defined
in C:\Users\Jarvis\eclipse-workspace\Maven11\KiteLoginCompatibility.xml
at java.base/java.util.ArrayList.forEach(ArrayList.java:1541)
at java.base/java.util.concurrent.FutureTask.run(FutureTask.java:264)
at java.base/java.util.concurrent.ThreadPoolExecutor.runWorker(ThreadPoolExecutor.java:1128)
at java.base/java.util.concurrent.ThreadPoolExecutor$Worker.run(ThreadPoolExecutor.java:628)
at java.base/java.lang.Thread.run(Thread.java:834)
... Removed 13 stack frames]]>
    </failure>
  </testcase> <!-- @BeforeClass openBrowser -->
  <testcase classname="Module1_Login_Test.KiteLoginCompatibility" name="@BeforeMethod logintoApp" time="-1.65968832056E9">
    <skipped/>
  </testcase> <!-- @BeforeMethod logintoApp -->
  <testcase classname="Module1_Login_Test.KiteLoginCompatibility" name="@BeforeMethod logintoApp" time="-1.65968832056E9">
    <skipped/>
  </testcase> <!-- @BeforeMethod logintoApp -->
  <testcase classname="Module1_Login_Test.KiteLoginCompatibility" name="@AfterMethod LogoutfromApp" time="-1.659688320571E9">
    <skipped/>
  </testcase> <!-- @AfterMethod LogoutfromApp -->
  <testcase classname="Module1_Login_Test.KiteLoginCompatibility" name="@AfterMethod LogoutfromApp" time="-1.659688320572E9">
    <skipped/>
  </testcase> <!-- @AfterMethod LogoutfromApp -->
  <testcase classname="Module1_Login_Test.KiteLoginCompatibility" name="@AfterClass closeBrowser" time="-1.659688320573E9">
    <skipped/>
  </testcase> <!-- @AfterClass closeBrowser -->
  <testcase classname="Module1_Login_Test.KiteLoginCompatibility" name="@AfterClass closeBrowser" time="-1.659688320574E9">
    <skipped/>
  </testcase> <!-- @AfterClass closeBrowser -->
  <testcase classname="Module1_Login_Test.KiteLoginCompatibility" name="verifyuserID" time="0.0">
    <skipped/>
  </testcase> <!-- verifyuserID -->
</testsuite> <!-- Test1_chrome -->
